Compilación iniciada a las 11/13/2015 1:31:12 AM.
     1>Proyecto "C:\Users\Daniel\Documents\Bird\build_bird_vc12\Bird_vc12.vcxproj" en el nodo 2 (Build destinos).
     1>ClCompile:
         E:\7.10\s3e\bin\CL.exe /c /Ie:/7.10/extensions/s3eamazonads/h /Ie:/7.10/modules/iwutil/h /Ie:/7.10/modules/third_party/libjpeg/h /Ie:/7.10/modules/third_party/zlib/h /Ie:/7.10/modules/third_party/libpng/h /Ie:/7.10/modules/iw2dscenegraphcore/h /Ie:/7.10/modules/iw2dscenegraph/h /Ie:/7.10/modules/iw2d/h /Ie:/7.10/modules/iwgx/h /Ie:/7.10/modules/iwgl/h /Ie:/7.10/modules/iwgeom/h /Ie:/7.10/modules/iwresmanager/h /Ie:/7.10/extensions/pvrtextool/h /Ie:/7.10/modules/iwgxfont/h /Ie:/7.10/modules/third_party/tiniconv/source /Ie:/7.10/modules/iwtween/h /Ie:/7.10/s3e/h /Ie:/7.10/s3e/h/ext /Ie:/7.10/s3e/h/std /Ie:/7.10/s3e/h/std/c++ /Ie:/7.10/s3e/h/ext_legacy /Ie:/7.10/s3e/h/legacy /I. /ZI /nologo /W3 /WX- /MP /Od /Oy- /X /Gm- /EHsc /RTC1 /MTd /GS /Gy /fp:precise /Zc:wchar_t /Zc:forScope /Fo"Debug_Bird_vc12_x86\\" /Fd"Debug_Bird_vc12_x86\vc120.pdb" /Gd /TP /analyze- /errorReport:prompt /S3Eproject /J /FI"c:\Users\Daniel\Documents\Bird\build_bird_vc12\temp_defines_debug.h" ..\Bird.cpp
         Bird.cpp
     1>c:\users\daniel\documents\bird\bird.cpp(115): warning C4244: '=' : conversión de 'int' a 'float'; posible pérdida de datos
       Link:
         E:\7.10\s3e\bin\link.exe /ERRORREPORT:PROMPT /OUT:"Debug_Bird_vc12_x86\Bird.s86" /INCREMENTAL /NOLOGO /LIBPATH:e:/7.10/modules/iwutil/lib/x86 /LIBPATH:e:/7.10/modules/third_party/libjpeg/lib/x86 /LIBPATH:e:/7.10/modules/third_party/zlib/lib/x86 /LIBPATH:e:/7.10/modules/third_party/libpng/lib/x86 /LIBPATH:e:/7.10/modules/iw2d/lib/x86 /LIBPATH:e:/7.10/modules/iwgx/atitools /LIBPATH:e:/7.10/modules/iwgx/lib/x86 /LIBPATH:e:/7.10/modules/iwgl/lib/x86 /LIBPATH:e:/7.10/modules/iwgeom/lib/x86 /LIBPATH:e:/7.10/modules/iwresmanager/lib/x86 /LIBPATH:e:/7.10/modules/iwgxfont/lib/x86 /LIBPATH:e:/7.10/modules/third_party/tiniconv/lib/x86 /LIBPATH:e:/7.10/s3e/lib/x86 vc6_compat.lib iwutil_d.lib jpeg_d.lib z_d.lib png_d.lib iw2d_d.lib ATI_Compress_MT_VC7.lib iwgx_d.lib iwgl_d.lib iwgeom_d.lib iwresmanager_d.lib iwgxfont_d.lib tiniconv_d.lib s3e_cpp_d.lib s3e_vc12_d.lib s3e_api_iwgl.lib /NODEFAULTLIB:libcmt /MANIFEST:NO /DEBUG /PDB:"Debug_Bird_vc12_x86\Bird.pdb" /SUBSYSTEM:WINDOWS /OPT:NOREF /OPT:NOICF /TLBID:1 /ENTRY:"DllEntryPoint" /DYNAMICBASE /NXCOMPAT /IMPLIB:"Debug_Bird_vc12_x86\Bird.lib" /MACHINE:X86  /include:_IwMain /include:_raise /include:_DllEntryPoint@12 /DLL Debug_Bird_vc12_x86\Bird.obj
         Debug_Bird_vc12_x86\Iw2DSceneGraph.obj
         Debug_Bird_vc12_x86\Iw2DSceneGraphCore.obj
         Debug_Bird_vc12_x86\IwTween.obj
         Debug_Bird_vc12_x86\PVRTexTool_interface.obj
         Debug_Bird_vc12_x86\input.obj
         Debug_Bird_vc12_x86\s3eAmazonAds_interface.obj
            Creando biblioteca Debug_Bird_vc12_x86\Bird.lib y objeto Debug_Bird_vc12_x86\Bird.exp
         Bird_vc12.vcxproj -> C:\Users\Daniel\Documents\Bird\build_bird_vc12\Debug_Bird_vc12_x86\Bird.s86
       PostBuildEvent:
         echo E:\7.10\s3e\python\python.exe .\process_map.py "C:\Users\Daniel\Documents\Bird\build_bird_vc12\Debug_Bird_vc12_x86\Bird.s86"
         chdir /d "e:\7.10\s3e\tools"
         E:\7.10\s3e\python\python.exe .\process_map.py "C:\Users\Daniel\Documents\Bird\build_bird_vc12\Debug_Bird_vc12_x86\Bird.s86"
         echo "s3e_plink" -l "C:\Users\Daniel\Documents\Bird\build_bird_vc12\Debug_Bird_vc12_x86\Bird.s86" 
         chdir /d "e:\7.10\s3e\bin"
         "s3e_plink" -l "C:\Users\Daniel\Documents\Bird\build_bird_vc12\Debug_Bird_vc12_x86\Bird.s86" 
         
         :VCEnd
         E:\7.10\s3e\python\python.exe .\process_map.py "C:\Users\Daniel\Documents\Bird\build_bird_vc12\Debug_Bird_vc12_x86\Bird.s86"
         "s3e_plink" -l "C:\Users\Daniel\Documents\Bird\build_bird_vc12\Debug_Bird_vc12_x86\Bird.s86" 
     1>Compilación del proyecto terminada "C:\Users\Daniel\Documents\Bird\build_bird_vc12\Bird_vc12.vcxproj" (Build destinos).

Compilación correcta.

Tiempo transcurrido 00:00:01.23
