c:\users\daniel\documents\bird\build_bird_vc12\debug_bird_vc12_x86\pvrtextool_interface.obj
c:\users\daniel\documents\bird\build_bird_vc12\debug_bird_vc12_x86\bird.obj
c:\users\daniel\documents\bird\build_bird_vc12\debug_bird_vc12_x86\input.obj
c:\users\daniel\documents\bird\build_bird_vc12\debug_bird_vc12_x86\iw2dscenegraph.obj
c:\users\daniel\documents\bird\build_bird_vc12\debug_bird_vc12_x86\iwtween.obj
c:\users\daniel\documents\bird\build_bird_vc12\debug_bird_vc12_x86\s3eamazonads_interface.obj
c:\users\daniel\documents\bird\build_bird_vc12\debug_bird_vc12_x86\iw2dscenegraphcore.obj
c:\users\daniel\documents\bird\build_bird_vc12\debug_bird_vc12_x86\vc120.pdb
c:\users\daniel\documents\bird\build_bird_vc12\debug_bird_vc12_x86\vc120.idb
c:\users\daniel\documents\bird\build_bird_vc12\bird_vc12.stamp
c:\users\daniel\documents\bird\build_bird_vc12\debug_bird_vc12_x86\bird.lib
c:\users\daniel\documents\bird\build_bird_vc12\debug_bird_vc12_x86\bird.exp
c:\users\daniel\documents\bird\build_bird_vc12\debug_bird_vc12_x86\bird.ilk
c:\users\daniel\documents\bird\build_bird_vc12\debug_bird_vc12_x86\bird.s86
c:\users\daniel\documents\bird\build_bird_vc12\debug_bird_vc12_x86\bird.pdb
c:\users\daniel\documents\bird\build_bird_vc12\debug_bird_vc12_x86\cl.command.1.tlog
c:\users\daniel\documents\bird\build_bird_vc12\debug_bird_vc12_x86\cl.read.1.tlog
c:\users\daniel\documents\bird\build_bird_vc12\debug_bird_vc12_x86\cl.write.1.tlog
c:\users\daniel\documents\bird\build_bird_vc12\debug_bird_vc12_x86\custombuild.command.1.tlog
c:\users\daniel\documents\bird\build_bird_vc12\debug_bird_vc12_x86\custombuild.read.1.tlog
c:\users\daniel\documents\bird\build_bird_vc12\debug_bird_vc12_x86\custombuild.write.1.tlog
c:\users\daniel\documents\bird\build_bird_vc12\debug_bird_vc12_x86\bird_vc12.tlog\bird_vc12.write.1u.tlog
c:\users\daniel\documents\bird\build_bird_vc12\debug_bird_vc12_x86\bird_vc12.tlog\custombuild.command.1.tlog
c:\users\daniel\documents\bird\build_bird_vc12\debug_bird_vc12_x86\bird_vc12.tlog\custombuild.read.1.tlog
c:\users\daniel\documents\bird\build_bird_vc12\debug_bird_vc12_x86\bird_vc12.tlog\custombuild.write.1.tlog
c:\users\daniel\documents\bird\build_bird_vc12\debug_bird_vc12_x86\bird_vc12.tlog\link.10548.5740.write.1.tlog
c:\users\daniel\documents\bird\build_bird_vc12\debug_bird_vc12_x86\bird_vc12.tlog\link.command.1.tlog
c:\users\daniel\documents\bird\build_bird_vc12\debug_bird_vc12_x86\bird_vc12.tlog\link.read.1.tlog
